<?xml version="1.0" encoding="UTF-8"?>
<beans xmlns="http://www.springframework.org/schema/beans"
	xmlns:xsi="http://www.w3.org/2001/XMLSchema-instance" xmlns:context="http://www.springframework.org/schema/context"
	xmlns:jee="http://www.springframework.org/schema/jee" xmlns:aop="http://www.springframework.org/schema/aop"
	xmlns:util="http://www.springframework.org/schema/util" xmlns:camel="http://camel.apache.org/schema/spring"
    xmlns:hz="http://www.hazelcast.com/schema/spring"

	xsi:schemaLocation="http://www.springframework.org/schema/beans
                           http://www.springframework.org/schema/beans/spring-beans.xsd
                           http://www.springframework.org/schema/context
                           http://www.springframework.org/schema/context/spring-context.xsd
                           http://www.springframework.org/schema/aop
                           http://www.springframework.org/schema/aop/spring-aop.xsd
                           http://www.springframework.org/schema/jee
                           http://www.springframework.org/schema/jee/spring-jee.xsd
                           http://www.springframework.org/schema/util
                           http://www.springframework.org/schema/util/spring-util.xsd
                           http://camel.apache.org/schema/spring
                           http://camel.apache.org/schema/spring/camel-spring.xsd
                           http://www.hazelcast.com/schema/spring
                           http://www.hazelcast.com/schema/spring/hazelcast-spring-3.6.xsd">

    <context:property-placeholder
   		location="classpath:backend.properties" />

	<import resource="classpath:spring/application.xml" />

	<!--
    	Override JNDI beans.
	-->
    <bean id="unidataDataSource"
        class="org.springframework.jdbc.datasource.DriverManagerDataSource">
        <property name="driverClassName" value="${unidata.database.driver.class}"/>
        <property name="url" value="${unidata.database.jdbc.url}"/>
        <property name="username" value="${unidata.database.username}"/>
        <property name="password" value="${unidata.database.password}"/>
    </bean>

    <bean id="unidataAuditDataSource"
          class="org.springframework.jdbc.datasource.DriverManagerDataSource">
        <property name="driverClassName" value="${unidata.database.driver.class}"/>
        <property name="url" value="${unidata.database.jdbc.url}"/>
        <property name="username" value="${unidata.database.username}"/>
        <property name="password" value="${unidata.database.password}"/>
    </bean>

    <bean id="jobDataSource"
        class="org.springframework.jdbc.datasource.DriverManagerDataSource">
        <property name="driverClassName" value="${unidata.batch.job.database.driver.class}"/>
        <property name="url" value="${unidata.batch.job.database.jdbc.url}"/>
        <property name="username" value="${unidata.batch.job.database.username}"/>
        <property name="password" value="${unidata.batch.job.database.password}"/>
    </bean>

    <bean id="wfDataSource"
        class="org.springframework.jdbc.datasource.DriverManagerDataSource">
        <property name="driverClassName" value="${unidata.batch.job.database.driver.class}"/>
        <property name="url" value="${unidata.batch.job.database.jdbc.url}?currentSchema=unidata_work_flow"/>
        <property name="username" value="${unidata.batch.job.database.username}"/>
        <property name="password" value="${unidata.batch.job.database.password}"/>
    </bean>

    <!-- Hazelcast distributed cache -->
   	<hz:hazelcast id="instance">
   		<hz:config>
   			<hz:group name="unidata" password="password" />
   			<hz:network port="5701" port-auto-increment="true">
                   <hz:join>
                       <hz:multicast enabled="true"
                           multicast-group="224.2.2.3"
                           multicast-port="54327"
                           multicast-time-to-live="32"
                           multicast-timeout-seconds="2"/>
                       <hz:tcp-ip enabled="false"/>
                       <hz:aws enabled="false"/>
                   </hz:join>
   			</hz:network>
   			<hz:map name="tokens" backup-count="2" max-size="0"
   				eviction-percentage="30" read-backup-data="true" eviction-policy="LRU"
   				merge-policy="com.hazelcast.map.merge.PassThroughMergePolicy" />
               <hz:topic name="modelDeleteTopic"/>
               <hz:topic name="modelUpsertTopic"/>
               <hz:topic name="modelImportTopic"/>
   		</hz:config>
   	</hz:hazelcast>

    <bean id="licenseInterceptor"
   		class="com.unidata.mdm.backend.service.security.utils.NoopInterceptor"/>

</beans>
